<?xml version="1.0" encoding="UTF-8"?>
<testsuite name="org.unicamp.unicamp.InimigoTest" tests="11" skipped="0" failures="0" errors="0" timestamp="2026-04-16T18:08:22.697Z" hostname="castro" time="0.055">
  <properties/>
  <testcase name="danoMaiorEscudoMenorVidaTotal()" classname="org.unicamp.unicamp.InimigoTest" time="0.004"/>
  <testcase name="escolherAcao()" classname="org.unicamp.unicamp.InimigoTest" time="0.013"/>
  <testcase name="estarVivo()" classname="org.unicamp.unicamp.InimigoTest" time="0.001"/>
  <testcase name="bulkingECutting()" classname="org.unicamp.unicamp.InimigoTest" time="0.002"/>
  <testcase name="estarMorto()" classname="org.unicamp.unicamp.InimigoTest" time="0.001"/>
  <testcase name="danoSemEscudo()" classname="org.unicamp.unicamp.InimigoTest" time="0.002"/>
  <testcase name="bulking()" classname="org.unicamp.unicamp.InimigoTest" time="0.003"/>
  <testcase name="ganharEscudo()" classname="org.unicamp.unicamp.InimigoTest" time="0.002"/>
  <testcase name="cutting()" classname="org.unicamp.unicamp.InimigoTest" time="0.003"/>
  <testcase name="danoMaiorTotal()" classname="org.unicamp.unicamp.InimigoTest" time="0.002"/>
  <testcase name="danoMenorEscudo()" classname="org.unicamp.unicamp.InimigoTest" time="0.003"/>
  <system-out><![CDATA[>> Inimigo levantou 2 de escudo
]]></system-out>
  <system-err><![CDATA[]]></system-err>
</testsuite>
